<?xml version="1.0" encoding="UTF-8" standalone="no"?>
<testsuite errors="0" failures="1" name="io.cucumber.core.plugin.JUnitFormatter" skipped="0" tests="3" time="136.04">
    <testcase classname="Login Page Feature" name="Login Page Title" time="18.644">
        <system-out><![CDATA[Given user is on Login page.................................................passed
When user gets the title of the page........................................passed
Then page title should be "Login - My Store"................................passed
]]></system-out>
    </testcase>
    <testcase classname="Login Page Feature" name="Forgot Password Link" time="31.777">
        <system-out><![CDATA[Given user is on Login page.................................................passed
Then forgot your password link should be displayed..........................passed
]]></system-out>
    </testcase>
    <testcase classname="Login Page Feature" name="Login with correct credentials" time="85.282">
        <failure message="The scenario has pending or undefined step(s)" type="java.lang.Exception"><![CDATA[Given user is on Login page.................................................passed
When user enters username "govardhan.vkgn@gmail.com"........................passed
And user enters password "Jaya@143".........................................passed
And user clicks on login button.............................................passed
Then user gets title of the page............................................undefined
And page title should be "My account - My Store"............................skipped
]]></failure>
    </testcase>
</testsuite>
